{"level":"error","message":"Missing credentials"}
{"level":"error","message":{"error":"Valores incompletos","status":"error"}}
{"level":"error","message":"Missing credentials"}
{"level":"error","message":{"error":"Valores incompletos","status":"error"}}
{"level":"error","message":{"error":"Valores incompletos","status":"error"}}
{"level":"error","message":{"error":"Valores incompletos","status":"error"}}
{"level":"error","message":{"error":"Valores incompletos","status":"error"}}
{"level":"error","message":{"error":"Valores incompletos","status":"error"}}
{"level":"error","message":{"error":"Valores incompletos","status":"error"}}
{"level":"error","message":{"error":"Valores incompletos","status":"error"}}
{"level":"error","message":{"error":"Valores incompletos","status":"error"}}
{"level":"error","message":{"error":"Valores incompletos","status":"error"}}
{"level":"error","message":{"error":"Valores incompletos","status":"error"}}
{"level":"error","message":{"error":"Valores incompletos","status":"error"}}
{"level":"error","message":{"error":"Valores incompletos","status":"error"}}
{"level":"error","message":{"error":"Valores incompletos","status":"error"}}
{"level":"error","message":"Contraseña inválidas"}
{"level":"error","message":"Contraseña inválidas,Contraseña inválidas"}
{"level":"error","message":"Contraseña inválidas,Contraseña inválidas,Contraseña inválidas"}
{"level":"error","message":"Contraseña inválidas,Contraseña inválidas,Contraseña inválidas,Contraseña inválidas"}
{"level":"error","message":"email inválidas"}
